Script started on 2020-04-16 19:10:37-0400
]0;rutvik@rutvik-Nitro-AN517-51: ~/Desktop/cs240/i240b/work/lab10/exercises[01;32mrutvik@rutvik-Nitro-AN517-51[00m:[01;34m~/Desktop/cs240/i240b/work/lab10/exercises[00m$ +-[K[Kls
[0m[01;34m1-fact[0m  [01;34m2-tdd[0m  catch.hh  lab10.log  Makefile
]0;rutvik@rutvik-Nitro-AN517-51: ~/Desktop/cs240/i240b/work/lab10/exercises[01;32mrutvik@rutvik-Nitro-AN517-51[00m:[01;34m~/Desktop/cs240/i240b/work/lab10/exercises[00m$ cp catch.hh 1-fact/
]0;rutvik@rutvik-Nitro-AN517-51: ~/Desktop/cs240/i240b/work/lab10/exercises[01;32mrutvik@rutvik-Nitro-AN517-51[00m:[01;34m~/Desktop/cs240/i240b/work/lab10/exercises[00m$ cd 1-fact/
]0;rutvik@rutvik-Nitro-AN517-51: ~/Desktop/cs240/i240b/work/lab10/exercises/1-fact[01;32mrutvik@rutvik-Nitro-AN517-51[00m:[01;34m~/Desktop/cs240/i240b/work/lab10/exercises/1-fact[00m$ ls
catch.hh  fact.cc  fact.hh  fact.o  [0m[01;32mmain[0m  main.cc  main.o  test-main.cc
]0;rutvik@rutvik-Nitro-AN517-51: ~/Desktop/cs240/i240b/work/lab10/exercises/1-fact[01;32mrutvik@rutvik-Nitro-AN517-51[00m:[01;34m~/Desktop/cs240/i240b/work/lab10/exercises/1-fact[00m$ make -lab[K[K[K[K-f lab10.log[C[K[K[K[K[K[K[K[K[K[K ../Makefile main
make: 'main' is up to date.
]0;rutvik@rutvik-Nitro-AN517-51: ~/Desktop/cs240/i240b/work/lab10/exercises/1-fact[01;32mrutvik@rutvik-Nitro-AN517-51[00m:[01;34m~/Desktop/cs240/i240b/work/lab10/exercises/1-fact[00m$ make -f ../Makefile main[K[K[K[K[K[K[K[K[K[K[K[K[K[K[K[K[K[K[K[K[K[K[K[K./main 1 2 3 5 10
1
2
6
120
3628800
]0;rutvik@rutvik-Nitro-AN517-51: ~/Desktop/cs240/i240b/work/lab10/exercises/1-fact[01;32mrutvik@rutvik-Nitro-AN517-51[00m:[01;34m~/Desktop/cs240/i240b/work/lab10/exercises/1-fact[00m$ ./main 1 2 3 5 10[K[K[K[K[K[K[K[K[K[K[K[K[K[K[K[K[Kmake -f ../Makefile mainls[Kcd 1-fact/[9@p catch.hh[C[C[C[C[C[C[C[C[9Pd[C[C[C[C[C[C[C[Cls[Kmake -f ../Makefile main[K[K[K[Ktest- main
g++ -I /home/rutvik/cs240/include -MT test-main.o -MMD -MP -MF .deps/test-main.d -g -Wall -std=c++17 -c test-main.cc
g++ test-main.o fact.o -o test-main
]0;rutvik@rutvik-Nitro-AN517-51: ~/Desktop/cs240/i240b/work/lab10/exercises/1-fact[01;32mrutvik@rutvik-Nitro-AN517-51[00m:[01;34m~/Desktop/cs240/i240b/work/lab10/exercises/1-fact[00m$ ./test-main 
[1;31m[0m[1;33m[0m[1;32m===============================================================================[0m
[1;32mAll tests passed[0m (4 assertions in 1 test case)

]0;rutvik@rutvik-Nitro-AN517-51: ~/Desktop/cs240/i240b/work/lab10/exercises/1-fact[01;32mrutvik@rutvik-Nitro-AN517-51[00m:[01;34m~/Desktop/cs240/i240b/work/lab10/exercises/1-fact[00m$ ./maub[K[Kin 0
0
]0;rutvik@rutvik-Nitro-AN517-51: ~/Desktop/cs240/i240b/work/lab10/exercises/1-fact[01;32mrutvik@rutvik-Nitro-AN517-51[00m:[01;34m~/Desktop/cs240/i240b/work/lab10/exercises/1-fact[00m$ gedit test-main.cc[K[K
test-main.cc  test-main.o   
]0;rutvik@rutvik-Nitro-AN517-51: ~/Desktop/cs240/i240b/work/lab10/exercises/1-fact[01;32mrutvik@rutvik-Nitro-AN517-51[00m:[01;34m~/Desktop/cs240/i240b/work/lab10/exercises/1-fact[00m$ gedit test-main.
test-main.cc  test-main.o   
]0;rutvik@rutvik-Nitro-AN517-51: ~/Desktop/cs240/i240b/work/lab10/exercises/1-fact[01;32mrutvik@rutvik-Nitro-AN517-51[00m:[01;34m~/Desktop/cs240/i240b/work/lab10/exercises/1-fact[00m$ gedit test-main.cc
^[[A^C
]0;rutvik@rutvik-Nitro-AN517-51: ~/Desktop/cs240/i240b/work/lab10/exercises/1-fact[01;32mrutvik@rutvik-Nitro-AN517-51[00m:[01;34m~/Desktop/cs240/i240b/work/lab10/exercises/1-fact[00m$ gedit test-main.cc[10P./main 0test-main make -f ../Makefile test-mmain
g++ -I /home/rutvik/cs240/include -MT test-main.o -MMD -MP -MF .deps/test-main.d -g -Wall -std=c++17 -c test-main.cc
g++ test-main.o fact.o -o test-main
]0;rutvik@rutvik-Nitro-AN517-51: ~/Desktop/cs240/i240b/work/lab10/exercises/1-fact[01;32mrutvik@rutvik-Nitro-AN517-51[00m:[01;34m~/Desktop/cs240/i240b/work/lab10/exercises/1-fact[00m$ make -f ../Makefile test-mmain[A]0;rutvik@rutvik-Nitro-AN517-51: ~/Desktop/cs240/i240b/work/lab10/exercises/1-fact[01;32mrutvik@rutvik-Nitro-AN517-51[00m:[01;34m~/Desktop/cs240/i240b/work/lab10/exercises/1-fact[00m$ [7Pgedit test-main.cc
[K[A[C[C[C[C[C[C[C[C[C[C[C[C[C[C[C[C[C[C[C[C[C[C[C[C[C[C[C[C[C[C[C[C[C[C[C[C[C[C[C[C[C[C[C[C[C[C[C[C[C[C[C[C[C[C[C[C[C[C[C[C[C[C[C[C[C[C[C[C[C[C[C[C[C[C[C[C[C[C[C[C[C[C[C[C[C[C[C[C[C[C[C[C[C[C[C[C[C[C[10P./main 0test-main 

~~~~~~~~~~~~~~~~~~~~~~~~~~~~~~~~~~~~~~~~~~~~~~~~~~~~~~~~~~~~~~~~~~~~~~~~~~~~~~~
[0;37mtest-main is a Catch v2.11.3 host application.
Run with -? for options

[0m-------------------------------------------------------------------------------
[0mFactorials are computed
[0m-------------------------------------------------------------------------------
[0;37mtest-main.cc:7
...............................................................................

[0m[0;37mtest-main.cc:8: [0m[1;31mFAILED:
[0m[0;36m  REQUIRE( fact(0) == 1 )
[0mwith expansion:
[1;33m  0 == 1
[0m
[1;31m===============================================================================[0m[1;33m[0m[0;32m[0m
test cases: 1[0;37m | [0m[1;31m1 failed[0m
assertions: 1[0;37m | [0m[1;31m1 failed[0m

]0;rutvik@rutvik-Nitro-AN517-51: ~/Desktop/cs240/i240b/work/lab10/exercises/1-fact[01;32mrutvik@rutvik-Nitro-AN517-51[00m:[01;34m~/Desktop/cs240/i240b/work/lab10/exercises/1-fact[00m$ ./test-main make -f ../Makefile test-mmain[A]0;rutvik@rutvik-Nitro-AN517-51: ~/Desktop/cs240/i240b/work/lab10/exercises/1-fact[01;32mrutvik@rutvik-Nitro-AN517-51[00m:[01;34m~/Desktop/cs240/i240b/work/lab10/exercises/1-fact[00m$ [13P./test-main 
[K[A[C[C[C[C[C[C[C[C[C[C[C[C[C[C[C[C[C[C[C[C[C[C[C[C[C[C[C[C[C[C[C[C[C[C[C[C[C[C[C[C[C[C[C[C[C[C[C[C[C[C[C[C[C[C[C[C[C[C[C[C[C[C[C[C[C[C[C[C[C[C[C[C[C[C[C[C[C[C[C[C[C[C[C[C[C[C[C[C[C[C[C[C[Kgedit fact.cc &
[1] 3494
]0;rutvik@rutvik-Nitro-AN517-51: ~/Desktop/cs240/i240b/work/lab10/exercises/1-fact[01;32mrutvik@rutvik-Nitro-AN517-51[00m:[01;34m~/Desktop/cs240/i240b/work/lab10/exercises/1-fact[00m$ gedit fact.cc &[3P./test-main make -f ../Makefile test-mmain
g++ -I /home/rutvik/cs240/include -MT fact.o -MMD -MP -MF .deps/fact.d -g -Wall -std=c++17 -c fact.cc
g++ test-main.o fact.o -o test-main
]0;rutvik@rutvik-Nitro-AN517-51: ~/Desktop/cs240/i240b/work/lab10/exercises/1-fact[01;32mrutvik@rutvik-Nitro-AN517-51[00m:[01;34m~/Desktop/cs240/i240b/work/lab10/exercises/1-fact[00m$ make -f ../Makefile test-mmain[A]0;rutvik@rutvik-Nitro-AN517-51: ~/Desktop/cs240/i240b/work/lab10/exercises/1-fact[01;32mrutvik@rutvik-Nitro-AN517-51[00m:[01;34m~/Desktop/cs240/i240b/work/lab10/exercises/1-fact[00m$ [10Pgedit fact.cc &
[K[A[C[C[C[C[C[C[C[C[C[C[C[C[C[C[C[C[C[C[C[C[C[C[C[C[C[C[C[C[C[C[C[C[C[C[C[C[C[C[C[C[C[C[C[C[C[C[C[C[C[C[C[C[C[C[C[C[C[C[C[C[C[C[C[C[C[C[C[C[C[C[C[C[C[C[C[C[C[C[C[C[C[C[C[C[C[C[C[C[C[C[C[C[C[C[C[3P./test-main make -f ../Makefile test-mmain[A]0;rutvik@rutvik-Nitro-AN517-51: ~/Desktop/cs240/i240b/work/lab10/exercises/1-fact[01;32mrutvik@rutvik-Nitro-AN517-51[00m:[01;34m~/Desktop/cs240/i240b/work/lab10/exercises/1-fact[00m$ [7Pgedit test-main.cc
[K[A[C[C[C[C[C[C[C[C[C[C[C[C[C[C[C[C[C[C[C[C[C[C[C[C[C[C[C[C[C[C[C[C[C[C[C[C[C[C[C[C[C[C[C[C[C[C[C[C[C[C[C[C[C[C[C[C[C[C[C[C[C[C[C[C[C[C[C[C[C[C[C[C[C[C[C[C[C[C[C[C[C[C[C[C[C[C[C[C[C[C[C[C[C[C[C[C[C[C[10P./main 0test-main make -f ../Makefile test-mmain[A]0;rutvik@rutvik-Nitro-AN517-51: ~/Desktop/cs240/i240b/work/lab10/exercises/1-fact[01;32mrutvik@rutvik-Nitro-AN517-51[00m:[01;34m~/Desktop/cs240/i240b/work/lab10/exercises/1-fact[00m$ [K
[K[A[C[C[C[C[C[C[C[C[C[C[C[C[C[C[C[C[C[C[C[C[C[C[C[C[C[C[C[C[C[C[C[C[C[C[C[C[C[C[C[C[C[C[C[C[C[C[C[C[C[C[C[C[C[C[C[C[C[C[C[C[C[C[C[C[C[C[C[C[C[C[C[C[C[C[C[C[C[C[C[Cmake -f ../Makefile main
g++ main.o fact.o -o main
]0;rutvik@rutvik-Nitro-AN517-51: ~/Desktop/cs240/i240b/work/lab10/exercises/1-fact[01;32mrutvik@rutvik-Nitro-AN517-51[00m:[01;34m~/Desktop/cs240/i240b/work/lab10/exercises/1-fact[00m$ make -f ../Makefile maintest-mmain[A]0;rutvik@rutvik-Nitro-AN517-51: ~/Desktop/cs240/i240b/work/lab10/exercises/1-fact[01;32mrutvik@rutvik-Nitro-AN517-51[00m:[01;34m~/Desktop/cs240/i240b/work/lab10/exercises/1-fact[00m$ [10Pgedit fact.cc &
[K[A[C[C[C[C[C[C[C[C[C[C[C[C[C[C[C[C[C[C[C[C[C[C[C[C[C[C[C[C[C[C[C[C[C[C[C[C[C[C[C[C[C[C[C[C[C[C[C[C[C[C[C[C[C[C[C[C[C[C[C[C[C[C[C[C[C[C[C[C[C[C[C[C[C[C[C[C[C[C[C[C[C[C[C[C[C[C[C[C[C[C[C[C[C[C[C[3P./test-main make -f ../Makefile test-mmain[A]0;rutvik@rutvik-Nitro-AN517-51: ~/Desktop/cs240/i240b/work/lab10/exercises/1-fact[01;32mrutvik@rutvik-Nitro-AN517-51[00m:[01;34m~/Desktop/cs240/i240b/work/lab10/exercises/1-fact[00m$ [13P./test-main 
[K[A[C[C[C[C[C[C[C[C[C[C[C[C[C[C[C[C[C[C[C[C[C[C[C[C[C[C[C[C[C[C[C[C[C[C[C[C[C[C[C[C[C[C[C[C[C[C[C[C[C[C[C[C[C[C[C[C[C[C[C[C[C[C[C[C[C[C[C[C[C[C[C[C[C[C[C[C[C[C[C[C[C[C[C[C[C[C[C[C[C[C[C[C
[1;31m[0m[1;33m[0m[1;32m===============================================================================[0m
[1;32mAll tests passed[0m (5 assertions in 1 test case)

]0;rutvik@rutvik-Nitro-AN517-51: ~/Desktop/cs240/i240b/work/lab10/exercises/1-fact[01;32mrutvik@rutvik-Nitro-AN517-51[00m:[01;34m~/Desktop/cs240/i240b/work/lab10/exercises/1-fact[00m$ cd ../2-tdd/
[1]+  Done                    gedit fact.cc  (wd: ~/Desktop/cs240/i240b/work/lab10/exercises/1-fact)
(wd now: ~/Desktop/cs240/i240b/work/lab10/exercises/2-tdd)
]0;rutvik@rutvik-Nitro-AN517-51: ~/Desktop/cs240/i240b/work/lab10/exercises/2-tdd[01;32mrutvik@rutvik-Nitro-AN517-51[00m:[01;34m~/Desktop/cs240/i240b/work/lab10/exercises/2-tdd[00m$ cat *
#include <cctype>

#include "digit-sum.hh"

int
digitSum(const char* str)
{
}
#ifndef DIGIT_SUM_
#define DIGIT_SUM_

int digitSum(const char* str);

#endif //#ifndef ACC_DIGIT_SUM_
#include "digit-sum.hh"

#include <iostream>
int
main(int argc, char* argv[])
{

  for (int i = 1; i < argc; ++i) {
    std::cout << digitSum(argv[i]) << std::endl;
  }
  
}
//This tells Catch to provide a main() - only do this in one cpp file
#define CATCH_CONFIG_MAIN 
#include "catch.hh"

#include "digit-sum.hh"

TEST_CASE( "digit sums computed", "[digitSum]" ) {
  
}

]0;rutvik@rutvik-Nitro-AN517-51: ~/Desktop/cs240/i240b/work/lab10/exercises/2-tdd[01;32mrutvik@rutvik-Nitro-AN517-51[00m:[01;34m~/Desktop/cs240/i240b/work/lab10/exercises/2-tdd[00m$ ls
digit-sum.cc  digit-sum.hh  main.cc  test-main.cc
]0;rutvik@rutvik-Nitro-AN517-51: ~/Desktop/cs240/i240b/work/lab10/exercises/2-tdd[01;32mrutvik@rutvik-Nitro-AN517-51[00m:[01;34m~/Desktop/cs240/i240b/work/lab10/exercises/2-tdd[00m$ lscat *[3Pls[Kcat digit-sum.cc[K[K[K[K[K[K[K[K[K[K[K[K[K[K[K[Kfor file in &(ls[K[K[K[K$9[K(ls); dp[Ko\
> echo $file; cat $file\
bash: syntax error near unexpected token `doecho'
]0;rutvik@rutvik-Nitro-AN517-51: ~/Desktop/cs240/i240b/work/lab10/exercises/2-tdd[01;32mrutvik@rutvik-Nitro-AN517-51[00m:[01;34m~/Desktop/cs240/i240b/work/lab10/exercises/2-tdd[00m$ for file in $(ls); doecho $$file; cat $file\[C[C[C[C[C[C[A]0;rutvik@rutvik-Nitro-AN517-51: ~/Desktop/cs240/i240b/work/lab10/exercises/2-tdd[01;32mrutvik@rutvik-Nitro-AN517-51[00m:[01;34m~/Desktop/cs240/i240b/work/lab10/exercises/2-tdd[00m$ [K
[K[A[C[C[C[C[C[C[C[C[C[C[C[C[C[C[C[C[C[C[C[C[C[C[C[C[C[C[C[C[C[C[C[C[C[C[C[C[C[C[C[C[C[C[C[C[C[C[C[C[C[C[C[C[C[C[C[C[C[C[C[C[C[C[C[C[C[C[C[C[C[C[C[C[C[C[C[C[C[C[Cfor file in $(ls); doecho $$file; cat $file\
bash: syntax error near unexpected token `doecho'
]0;rutvik@rutvik-Nitro-AN517-51: ~/Desktop/cs240/i240b/work/lab10/exercises/2-tdd[01;32mrutvik@rutvik-Nitro-AN517-51[00m:[01;34m~/Desktop/cs240/i240b/work/lab10/exercises/2-tdd[00m$ cat digit-sum.cc
#include <cctype>

#include "digit-sum.hh"

int
digitSum(const char* str)
{
}
]0;rutvik@rutvik-Nitro-AN517-51: ~/Desktop/cs240/i240b/work/lab10/exercises/2-tdd[01;32mrutvik@rutvik-Nitro-AN517-51[00m:[01;34m~/Desktop/cs240/i240b/work/lab10/exercises/2-tdd[00m$ cat digit-sum.hh
#ifndef DIGIT_SUM_
#define DIGIT_SUM_

int digitSum(const char* str);

#endif //#ifndef ACC_DIGIT_SUM_
]0;rutvik@rutvik-Nitro-AN517-51: ~/Desktop/cs240/i240b/work/lab10/exercises/2-tdd[01;32mrutvik@rutvik-Nitro-AN517-51[00m:[01;34m~/Desktop/cs240/i240b/work/lab10/exercises/2-tdd[00m$ cat make -f ../Makefile 
cat: invalid option -- 'f'
Try 'cat --help' for more information.
]0;rutvik@rutvik-Nitro-AN517-51: ~/Desktop/cs240/i240b/work/lab10/exercises/2-tdd[01;32mrutvik@rutvik-Nitro-AN517-51[00m:[01;34m~/Desktop/cs240/i240b/work/lab10/exercises/2-tdd[00m$ cat make -f ../Makefile [1P[1P[1P[1P
g++ -I /home/rutvik/cs240/include -MT main.o -MMD -MP -MF .deps/main.d -g -Wall -std=c++17 -c main.cc
g++ -I /home/rutvik/cs240/include -MT digit-sum.o -MMD -MP -MF .deps/digit-sum.d -g -Wall -std=c++17 -c digit-sum.cc
[01m[Kdigit-sum.cc:[m[K In function â€˜[01m[Kint digitSum(const char*)[m[Kâ€™:
[01m[Kdigit-sum.cc:8:1:[m[K [01;35m[Kwarning: [m[Kno return statement in function returning non-void [[01;35m[K-Wreturn-type[m[K]
 [01;35m[K}[m[K
 [01;35m[K^[m[K
g++ main.o digit-sum.o -o main
g++ -I /home/rutvik/cs240/include -MT test-main.o -MMD -MP -MF .deps/test-main.d -g -Wall -std=c++17 -c test-main.cc
[01m[Ktest-main.cc:3:10:[m[K [01;31m[Kfatal error: [m[Kcatch.hh: No such file or directory
 #include [01;31m[K"catch.hh"[m[K
          [01;31m[K^~~~~~~~~~[m[K
compilation terminated.
../Makefile:62: recipe for target 'test-main.o' failed
make: *** [test-main.o] Error 1
]0;rutvik@rutvik-Nitro-AN517-51: ~/Desktop/cs240/i240b/work/lab10/exercises/2-tdd[01;32mrutvik@rutvik-Nitro-AN517-51[00m:[01;34m~/Desktop/cs240/i240b/work/lab10/exercises/2-tdd[00m$ cp ../catch.hh .
]0;rutvik@rutvik-Nitro-AN517-51: ~/Desktop/cs240/i240b/work/lab10/exercises/2-tdd[01;32mrutvik@rutvik-Nitro-AN517-51[00m:[01;34m~/Desktop/cs240/i240b/work/lab10/exercises/2-tdd[00m$ cp ../catch.hh .make -f ../Makefile [4@cat [C[C[C[C[C[C[C[C[C[C[C[C[C[C[C[C[C[C[C[C[4P[C[C[C[C[C[C[C[C[C[C[C[C[C[C[C[C[C[C[C[C
g++ -I /home/rutvik/cs240/include -MT test-main.o -MMD -MP -MF .deps/test-main.d -g -Wall -std=c++17 -c test-main.cc
g++ test-main.o digit-sum.o -o test-main
cat </dev/null >.gitignore
echo .deps >.gitignore
for t in main test-main digit-sum.o; do echo $t >>.gitignore; done
]0;rutvik@rutvik-Nitro-AN517-51: ~/Desktop/cs240/i240b/work/lab10/exercises/2-tdd[01;32mrutvik@rutvik-Nitro-AN517-51[00m:[01;34m~/Desktop/cs240/i240b/work/lab10/exercises/2-tdd[00m$ ls
catch.hh      digit-sum.hh  [0m[01;32mmain[0m     main.o     test-main.cc
digit-sum.cc  digit-sum.o   main.cc  [01;32mtest-main[0m  test-main.o
]0;rutvik@rutvik-Nitro-AN517-51: ~/Desktop/cs240/i240b/work/lab10/exercises/2-tdd[01;32mrutvik@rutvik-Nitro-AN517-51[00m:[01;34m~/Desktop/cs240/i240b/work/lab10/exercises/2-tdd[00m$ make clean
make: *** No rule to make target 'clean'.  Stop.
]0;rutvik@rutvik-Nitro-AN517-51: ~/Desktop/cs240/i240b/work/lab10/exercises/2-tdd[01;32mrutvik@rutvik-Nitro-AN517-51[00m:[01;34m~/Desktop/cs240/i240b/work/lab10/exercises/2-tdd[00m$ make -f Ma[K[K[K ../Makefile clean
rm -rf *.o *~ main test-main .deps .gitignore
]0;rutvik@rutvik-Nitro-AN517-51: ~/Desktop/cs240/i240b/work/lab10/exercises/2-tdd[01;32mrutvik@rutvik-Nitro-AN517-51[00m:[01;34m~/Desktop/cs240/i240b/work/lab10/exercises/2-tdd[00m$ ls
catch.hh  digit-sum.cc  digit-sum.hh  main.cc  test-main.cc
]0;rutvik@rutvik-Nitro-AN517-51: ~/Desktop/cs240/i240b/work/lab10/exercises/2-tdd[01;32mrutvik@rutvik-Nitro-AN517-51[00m:[01;34m~/Desktop/cs240/i240b/work/lab10/exercises/2-tdd[00m$ lsmake -f ../Makefile cleanclean[Kls[Kmake -f ../Makefile main
g++ -I /home/rutvik/cs240/include -MT main.o -MMD -MP -MF .deps/main.d -g -Wall -std=c++17 -c main.cc
g++ -I /home/rutvik/cs240/include -MT digit-sum.o -MMD -MP -MF .deps/digit-sum.d -g -Wall -std=c++17 -c digit-sum.cc
[01m[Kdigit-sum.cc:[m[K In function â€˜[01m[Kint digitSum(const char*)[m[Kâ€™:
[01m[Kdigit-sum.cc:8:1:[m[K [01;35m[Kwarning: [m[Kno return statement in function returning non-void [[01;35m[K-Wreturn-type[m[K]
 [01;35m[K}[m[K
 [01;35m[K^[m[K
g++ main.o digit-sum.o -o main
]0;rutvik@rutvik-Nitro-AN517-51: ~/Desktop/cs240/i240b/work/lab10/exercises/2-tdd[01;32mrutvik@rutvik-Nitro-AN517-51[00m:[01;34m~/Desktop/cs240/i240b/work/lab10/exercises/2-tdd[00m$ gedit digit-sum.cc &
[1] 3745
]0;rutvik@rutvik-Nitro-AN517-51: ~/Desktop/cs240/i240b/work/lab10/exercises/2-tdd[01;32mrutvik@rutvik-Nitro-AN517-51[00m:[01;34m~/Desktop/cs240/i240b/work/lab10/exercises/2-tdd[00m$ gedit digit-sum.cc &make -f ../Makefile main
g++ -I /home/rutvik/cs240/include -MT digit-sum.o -MMD -MP -MF .deps/digit-sum.d -g -Wall -std=c++17 -c digit-sum.cc
g++ main.o digit-sum.o -o main
]0;rutvik@rutvik-Nitro-AN517-51: ~/Desktop/cs240/i240b/work/lab10/exercises/2-tdd[01;32mrutvik@rutvik-Nitro-AN517-51[00m:[01;34m~/Desktop/cs240/i240b/work/lab10/exercises/2-tdd[00m$ make -f ../Makefile main[4Pgedit digit-sum.cc &make -f ../Makefile maintmainemain [A]0;rutvik@rutvik-Nitro-AN517-51: ~/Desktop/cs240/i240b/work/lab10/exercises/2-tdd[01;32mrutvik@rutvik-Nitro-AN517-51[00m:[01;34m~/Desktop/cs240/i240b/work/lab10/exercises/2-tdd[00m$ [C[C[C[C[C[C[C[C[C[C[C[C[C[C[C[C[C[C[C[C[C[Csmainn[A]0;rutvik@rutvik-Nitro-AN517-51: ~/Desktop/cs240/i240b/work/lab10/exercises/2-tdd[01;32mrutvik@rutvik-Nitro-AN517-51[00m:[01;34m~/Desktop/cs240/i240b/work/lab10/exercises/2-tdd[00m$ [C[C[C[C[C[C[C[C[C[C[C[C[C[C[C[C[C[C[C[C[C[C[Cymain[A]0;rutvik@rutvik-Nitro-AN517-51: ~/Desktop/cs240/i240b/work/lab10/exercises/2-tdd[01;32mrutvik@rutvik-Nitro-AN517-51[00m:[01;34m~/Desktop/cs240/i240b/work/lab10/exercises/2-tdd[00m$ [C[C[C[C[C[C[C[C[C[C[C[C[C[C[C[C[C[C[C[C[C[C[C[Cmain[K[A]0;rutvik@rutvik-Nitro-AN517-51: ~/Desktop/cs240/i240b/work/lab10/exercises/2-tdd[01;32mrutvik@rutvik-Nitro-AN517-51[00m:[01;34m~/Desktop/cs240/i240b/work/lab10/exercises/2-tdd[00m$ [C[C[C[C[C[C[C[C[C[C[C[C[C[C[C[C[C[C[C[C[C[C[Ctmain[A]0;rutvik@rutvik-Nitro-AN517-51: ~/Desktop/cs240/i240b/work/lab10/exercises/2-tdd[01;32mrutvik@rutvik-Nitro-AN517-51[00m:[01;34m~/Desktop/cs240/i240b/work/lab10/exercises/2-tdd[00m$ [C[C[C[C[C[C[C[C[C[C[C[C[C[C[C[C[C[C[C[C[C[C[C[C-main[A]0;rutvik@rutvik-Nitro-AN517-51: ~/Desktop/cs240/i240b/work/lab10/exercises/2-tdd[01;32mrutvik@rutvik-Nitro-AN517-51[00m:[01;34m~/Desktop/cs240/i240b/work/lab10/exercises/2-tdd[00m$ [C[C[C[C[C[C[C[C[C[C[C[C[C[C[C[C[C[C[C[C[C[C[C[C[C

g++ -I /home/rutvik/cs240/include -MT test-main.o -MMD -MP -MF .deps/test-main.d -g -Wall -std=c++17 -c test-main.cc
g++ test-main.o digit-sum.o -o test-main
]0;rutvik@rutvik-Nitro-AN517-51: ~/Desktop/cs240/i240b/work/lab10/exercises/2-tdd[01;32mrutvik@rutvik-Nitro-AN517-51[00m:[01;34m~/Desktop/cs240/i240b/work/lab10/exercises/2-tdd[00m$ ./test-main 
[1;31m[0m[1;33m[0m[1;32m===============================================================================[0m
[1;32mAll tests passed[0m (1 assertion in 1 test case)

]0;rutvik@rutvik-Nitro-AN517-51: ~/Desktop/cs240/i240b/work/lab10/exercises/2-tdd[01;32mrutvik@rutvik-Nitro-AN517-51[00m:[01;34m~/Desktop/cs240/i240b/work/lab10/exercises/2-tdd[00m$ ./test-main make -f ../Makefile test-maain
g++ -I /home/rutvik/cs240/include -MT test-main.o -MMD -MP -MF .deps/test-main.d -g -Wall -std=c++17 -c test-main.cc
g++ test-main.o digit-sum.o -o test-main
]0;rutvik@rutvik-Nitro-AN517-51: ~/Desktop/cs240/i240b/work/lab10/exercises/2-tdd[01;32mrutvik@rutvik-Nitro-AN517-51[00m:[01;34m~/Desktop/cs240/i240b/work/lab10/exercises/2-tdd[00m$ make -f ../Makefile test-maain[A]0;rutvik@rutvik-Nitro-AN517-51: ~/Desktop/cs240/i240b/work/lab10/exercises/2-tdd[01;32mrutvik@rutvik-Nitro-AN517-51[00m:[01;34m~/Desktop/cs240/i240b/work/lab10/exercises/2-tdd[00m$ [14P./test-main 
[K[A[C[C[C[C[C[C[C[C[C[C[C[C[C[C[C[C[C[C[C[C[C[C[C[C[C[C[C[C[C[C[C[C[C[C[C[C[C[C[C[C[C[C[C[C[C[C[C[C[C[C[C[C[C[C[C[C[C[C[C[C[C[C[C[C[C[C[C[C[C[C[C[C[C[C[C[C[C[C[C[C[C[C[C[C[C[C[C[C[C[C[C

~~~~~~~~~~~~~~~~~~~~~~~~~~~~~~~~~~~~~~~~~~~~~~~~~~~~~~~~~~~~~~~~~~~~~~~~~~~~~~~
[0;37mtest-main is a Catch v2.11.3 host application.
Run with -? for options

[0m-------------------------------------------------------------------------------
[0mdigit sums computed
[0m-------------------------------------------------------------------------------
[0;37mtest-main.cc:7
...............................................................................

[0m[0;37mtest-main.cc:10: [0m[1;31mFAILED:
[0m[0;36m  REQUIRE( digitSum("7") == 7 )
[0mwith expansion:
[1;33m  0 == 7
[0m
[1;31m===============================================================================[0m[1;33m[0m[0;32m[0m
test cases: 1[0;37m | [0m[1;31m1 failed[0m
assertions: 3[0;37m | [0m[0;32m2 passed[0m[0;37m | [0m[1;31m1 failed[0m

]0;rutvik@rutvik-Nitro-AN517-51: ~/Desktop/cs240/i240b/work/lab10/exercises/2-tdd[01;32mrutvik@rutvik-Nitro-AN517-51[00m:[01;34m~/Desktop/cs240/i240b/work/lab10/exercises/2-tdd[00m$ ./test-main make -f ../Makefile test-maain[A]0;rutvik@rutvik-Nitro-AN517-51: ~/Desktop/cs240/i240b/work/lab10/exercises/2-tdd[01;32mrutvik@rutvik-Nitro-AN517-51[00m:[01;34m~/Desktop/cs240/i240b/work/lab10/exercises/2-tdd[00m$ [14P./test-main 
[K[A[C[C[C[C[C[C[C[C[C[C[C[C[C[C[C[C[C[C[C[C[C[C[C[C[C[C[C[C[C[C[C[C[C[C[C[C[C[C[C[C[C[C[C[C[C[C[C[C[C[C[C[C[C[C[C[C[C[C[C[C[C[C[C[C[C[C[C[C[C[C[C[C[C[C[C[C[C[C[C[C[C[C[C[C[C[C[C[C[C[C[Cmake -f ../Makefile test-maain[A]0;rutvik@rutvik-Nitro-AN517-51: ~/Desktop/cs240/i240b/work/lab10/exercises/2-tdd[01;32mrutvik@rutvik-Nitro-AN517-51[00m:[01;34m~/Desktop/cs240/i240b/work/lab10/exercises/2-tdd[00m$ [14P./test-main 
[K[A[C[C[C[C[C[C[C[C[C[C[C[C[C[C[C[C[C[C[C[C[C[C[C[C[C[C[C[C[C[C[C[C[C[C[C[C[C[C[C[C[C[C[C[C[C[C[C[C[C[C[C[C[C[C[C[C[C[C[C[C[C[C[C[C[C[C[C[C[C[C[C[C[C[C[C[C[C[C[C[C[C[C[C[C[C[C[C[C[C[C[Cmake -f ../Makefile test-maain[K[K[K[A[C[C[C[C[C[C[C[C[C[C[C[C[C[C[C[C[C[C[C[C[C[C[C[C[C[C[C[C[C[C[C[C[C[C[C[C[C[C[C[C[C[C[C[C[C[C[C[C[C[C[C[C[C[C[C[C[C[C[C[C[C[C[C[C[C[C[C[C[C[C[C[C[C[C[C[C[C[C[C[C[C[C[C[C[C[C[C[C[C[C[C[C[C[C[C[C[C[C[C[C[C[C[C[C[K
[K[A[C[C[C[C[C[C[C[C[C[C[C[C[C[C[C[C[C[C[C[C[C[C[C[C[C[C[C[C[C[C[C[C[C[C[C[C[C[C[C[C[C[C[C[C[C[C[C[C[C[C[C[C[C[C[C[C[C[C[C[C[C[C[C[C[C[C[C[C[C[C[C[C[C[C[C[C[C[C[C[C[C[C[C[C[C[C[C[C[C[C[C[C[C[C[C[C[C[C[C[C[C[C[C[C[K[K[K[K[K[K
g++ -I /home/rutvik/cs240/include -MT digit-sum.o -MMD -MP -MF .deps/digit-sum.d -g -Wall -std=c++17 -c digit-sum.cc
[01m[Kdigit-sum.cc:[m[K In function â€˜[01m[Kint digitSum(const char*)[m[Kâ€™:
[01m[Kdigit-sum.cc:12:1:[m[K [01;35m[Kwarning: [m[Kno return statement in function returning non-void [[01;35m[K-Wreturn-type[m[K]
 [01;35m[K}[m[K
 [01;35m[K^[m[K
g++ main.o digit-sum.o -o main
g++ test-main.o digit-sum.o -o test-main
cat </dev/null >.gitignore
echo .deps >.gitignore
for t in main test-main digit-sum.o; do echo $t >>.gitignore; done
]0;rutvik@rutvik-Nitro-AN517-51: ~/Desktop/cs240/i240b/work/lab10/exercises/2-tdd[01;32mrutvik@rutvik-Nitro-AN517-51[00m:[01;34m~/Desktop/cs240/i240b/work/lab10/exercises/2-tdd[00m$ make -f ../Makefile[7P./test-main make -f ../Makefile
g++ -I /home/rutvik/cs240/include -MT digit-sum.o -MMD -MP -MF .deps/digit-sum.d -g -Wall -std=c++17 -c digit-sum.cc
g++ main.o digit-sum.o -o main
g++ test-main.o digit-sum.o -o test-main
cat </dev/null >.gitignore
echo .deps >.gitignore
for t in main test-main digit-sum.o; do echo $t >>.gitignore; done
]0;rutvik@rutvik-Nitro-AN517-51: ~/Desktop/cs240/i240b/work/lab10/exercises/2-tdd[01;32mrutvik@rutvik-Nitro-AN517-51[00m:[01;34m~/Desktop/cs240/i240b/work/lab10/exercises/2-tdd[00m$ make -f ../Makefile[7P./test-main make -f ../Makefile test-maain[A]0;rutvik@rutvik-Nitro-AN517-51: ~/Desktop/cs240/i240b/work/lab10/exercises/2-tdd[01;32mrutvik@rutvik-Nitro-AN517-51[00m:[01;34m~/Desktop/cs240/i240b/work/lab10/exercises/2-tdd[00m$ [14P./test-main 
[K[A[C[C[C[C[C[C[C[C[C[C[C[C[C[C[C[C[C[C[C[C[C[C[C[C[C[C[C[C[C[C[C[C[C[C[C[C[C[C[C[C[C[C[C[C[C[C[C[C[C[C[C[C[C[C[C[C[C[C[C[C[C[C[C[C[C[C[C[C[C[C[C[C[C[C[C[C[C[C[C[C[C[C[C[C[C[C[C[C[C[C[C
[1;31m[0m[1;33m[0m[1;32m===============================================================================[0m
[1;32mAll tests passed[0m (3 assertions in 1 test case)

]0;rutvik@rutvik-Nitro-AN517-51: ~/Desktop/cs240/i240b/work/lab10/exercises/2-tdd[01;32mrutvik@rutvik-Nitro-AN517-51[00m:[01;34m~/Desktop/cs240/i240b/work/lab10/exercises/2-tdd[00m$ ./test-main make -f ../Makefile
g++ -I /home/rutvik/cs240/include -MT test-main.o -MMD -MP -MF .deps/test-main.d -g -Wall -std=c++17 -c test-main.cc
g++ test-main.o digit-sum.o -o test-main
]0;rutvik@rutvik-Nitro-AN517-51: ~/Desktop/cs240/i240b/work/lab10/exercises/2-tdd[01;32mrutvik@rutvik-Nitro-AN517-51[00m:[01;34m~/Desktop/cs240/i240b/work/lab10/exercises/2-tdd[00m$ ./test-main 

~~~~~~~~~~~~~~~~~~~~~~~~~~~~~~~~~~~~~~~~~~~~~~~~~~~~~~~~~~~~~~~~~~~~~~~~~~~~~~~
[0;37mtest-main is a Catch v2.11.3 host application.
Run with -? for options

[0m-------------------------------------------------------------------------------
[0mdigit sums computed
[0m-------------------------------------------------------------------------------
[0;37mtest-main.cc:7
...............................................................................

[0m[0;37mtest-main.cc:11: [0m[1;31mFAILED:
[0m[0;36m  REQUIRE( digitSum(" 5 ") == 7 )
[0mwith expansion:
[1;33m  5 == 7
[0m
[1;31m===============================================================================[0m[1;33m[0m[0;32m[0m
test cases: 1[0;37m | [0m[1;31m1 failed[0m
assertions: 4[0;37m | [0m[0;32m3 passed[0m[0;37m | [0m[1;31m1 failed[0m

]0;rutvik@rutvik-Nitro-AN517-51: ~/Desktop/cs240/i240b/work/lab10/exercises/2-tdd[01;32mrutvik@rutvik-Nitro-AN517-51[00m:[01;34m~/Desktop/cs240/i240b/work/lab10/exercises/2-tdd[00m$ ./test-main make -f ../Makefile[7P./test-main make -f ../Makefile[7P./test-main make -f ../Makefile
g++ -I /home/rutvik/cs240/include -MT test-main.o -MMD -MP -MF .deps/test-main.d -g -Wall -std=c++17 -c test-main.cc
g++ test-main.o digit-sum.o -o test-main
]0;rutvik@rutvik-Nitro-AN517-51: ~/Desktop/cs240/i240b/work/lab10/exercises/2-tdd[01;32mrutvik@rutvik-Nitro-AN517-51[00m:[01;34m~/Desktop/cs240/i240b/work/lab10/exercises/2-tdd[00m$ make -f ../Makefile[7P./test-main 
[1;31m[0m[1;33m[0m[1;32m===============================================================================[0m
[1;32mAll tests passed[0m (4 assertions in 1 test case)

]0;rutvik@rutvik-Nitro-AN517-51: ~/Desktop/cs240/i240b/work/lab10/exercises/2-tdd[01;32mrutvik@rutvik-Nitro-AN517-51[00m:[01;34m~/Desktop/cs240/i240b/work/lab10/exercises/2-tdd[00m$ ./test-main make -f ../Makefile[7P./test-main make -f ../Makefile[7P./test-main make -f ../Makefile
g++ -I /home/rutvik/cs240/include -MT test-main.o -MMD -MP -MF .deps/test-main.d -g -Wall -std=c++17 -c test-main.cc
g++ test-main.o digit-sum.o -o test-main
]0;rutvik@rutvik-Nitro-AN517-51: ~/Desktop/cs240/i240b/work/lab10/exercises/2-tdd[01;32mrutvik@rutvik-Nitro-AN517-51[00m:[01;34m~/Desktop/cs240/i240b/work/lab10/exercises/2-tdd[00m$ ./test-main 
[1;31m[0m[1;33m[0m[1;32m===============================================================================[0m
[1;32mAll tests passed[0m (5 assertions in 1 test case)

]0;rutvik@rutvik-Nitro-AN517-51: ~/Desktop/cs240/i240b/work/lab10/exercises/2-tdd[01;32mrutvik@rutvik-Nitro-AN517-51[00m:[01;34m~/Desktop/cs240/i240b/work/lab10/exercises/2-tdd[00m$ cat test-main.cc
//This tells Catch to provide a main() - only do this in one cpp file
#define CATCH_CONFIG_MAIN 
#include "catch.hh"

#include "digit-sum.hh"

TEST_CASE( "digit sums computed", "[digitSum]" ) {
  REQUIRE( digitSum("") == 0);
  REQUIRE( digitSum(" ") == 0);
  REQUIRE( digitSum("7") == 7);
  REQUIRE( digitSum(" 5 ") == 5);
  REQUIRE( digitSum("7 + 2") == 9 );
}

]0;rutvik@rutvik-Nitro-AN517-51: ~/Desktop/cs240/i240b/work/lab10/exercises/2-tdd[01;32mrutvik@rutvik-Nitro-AN517-51[00m:[01;34m~/Desktop/cs240/i240b/work/lab10/exercises/2-tdd[00m$ cat test-main.cc[4P./test-main make -f ../Makefile
g++ -I /home/rutvik/cs240/include -MT digit-sum.o -MMD -MP -MF .deps/digit-sum.d -g -Wall -std=c++17 -c digit-sum.cc
g++ main.o digit-sum.o -o main
g++ -I /home/rutvik/cs240/include -MT test-main.o -MMD -MP -MF .deps/test-main.d -g -Wall -std=c++17 -c test-main.cc
g++ test-main.o digit-sum.o -o test-main
cat </dev/null >.gitignore
echo .deps >.gitignore
for t in main test-main digit-sum.o; do echo $t >>.gitignore; done
]0;rutvik@rutvik-Nitro-AN517-51: ~/Desktop/cs240/i240b/work/lab10/exercises/2-tdd[01;32mrutvik@rutvik-Nitro-AN517-51[00m:[01;34m~/Desktop/cs240/i240b/work/lab10/exercises/2-tdd[00m$ ./test-main 

~~~~~~~~~~~~~~~~~~~~~~~~~~~~~~~~~~~~~~~~~~~~~~~~~~~~~~~~~~~~~~~~~~~~~~~~~~~~~~~
[0;37mtest-main is a Catch v2.11.3 host application.
Run with -? for options

[0m-------------------------------------------------------------------------------
[0mdigit sums computed
[0m-------------------------------------------------------------------------------
[0;37mtest-main.cc:7
...............................................................................

[0m[0;37mtest-main.cc:12: [0m[1;31mFAILED:
[0m[0;36m  REQUIRE( digitSum("7 + 2") == 9 )
[0mwith expansion:
[1;33m  7 == 9
[0m
[1;31m===============================================================================[0m[1;33m[0m[0;32m[0m
test cases: 1[0;37m | [0m[1;31m1 failed[0m
assertions: 5[0;37m | [0m[0;32m4 passed[0m[0;37m | [0m[1;31m1 failed[0m

]0;rutvik@rutvik-Nitro-AN517-51: ~/Desktop/cs240/i240b/work/lab10/exercises/2-tdd[01;32mrutvik@rutvik-Nitro-AN517-51[00m:[01;34m~/Desktop/cs240/i240b/work/lab10/exercises/2-tdd[00m$ ./test-main make -f ../Makefile
g++ -I /home/rutvik/cs240/include -MT digit-sum.o -MMD -MP -MF .deps/digit-sum.d -g -Wall -std=c++17 -c digit-sum.cc
g++ main.o digit-sum.o -o main
g++ test-main.o digit-sum.o -o test-main
cat </dev/null >.gitignore
echo .deps >.gitignore
for t in main test-main digit-sum.o; do echo $t >>.gitignore; done
]0;rutvik@rutvik-Nitro-AN517-51: ~/Desktop/cs240/i240b/work/lab10/exercises/2-tdd[01;32mrutvik@rutvik-Nitro-AN517-51[00m:[01;34m~/Desktop/cs240/i240b/work/lab10/exercises/2-tdd[00m$ make -f ../Makefile[7P./test-main make -f ../Makefile[7P./test-main 
[1;31m[0m[1;33m[0m[1;32m===============================================================================[0m
[1;32mAll tests passed[0m (7 assertions in 1 test case)

]0;rutvik@rutvik-Nitro-AN517-51: ~/Desktop/cs240/i240b/work/lab10/exercises/2-tdd[01;32mrutvik@rutvik-Nitro-AN517-51[00m:[01;34m~/Desktop/cs240/i240b/work/lab10/exercises/2-tdd[00m$ ^C

Script done on 2020-04-16 20:18:16-0400
